
**** Clean-only build of configuration Debug for project TM4C123G_C__01_LedBlink_C1.2 ****

"C:\\ti\\ccsv6\\utils\\bin\\gmake" -k clean 
DEL /F  "TM4C123G_C__01_LedBlink_C1.2.out"  "TM4C123G_C__01_LedBlink_C1.2.hex" 
Impossibile trovare C:\Users\Filippo\OneDrive\Dropbox\Lavori\Didattica\ARM Exercise\TECNOLOGIA_WS\TM4C123G_C__01_LedBlink_C1.2\Debug\TM4C123G_C__01_LedBlink_C1.2.out
DEL /F "main.pp" "tm4c1231h6pm_startup_ccs.pp" "LIBS\Led.pp" "LIBS\SysTick.pp" "LIBS\Uart.pp" 
Impossibile trovare C:\Users\Filippo\OneDrive\Dropbox\Lavori\Didattica\ARM Exercise\TECNOLOGIA_WS\TM4C123G_C__01_LedBlink_C1.2\Debug\LIBS\Led.pp
DEL /F "main.obj" "tm4c1231h6pm_startup_ccs.obj" "LIBS\Led.obj" "LIBS\SysTick.obj" "LIBS\Uart.obj" 
Impossibile trovare C:\Users\Filippo\OneDrive\Dropbox\Lavori\Didattica\ARM Exercise\TECNOLOGIA_WS\TM4C123G_C__01_LedBlink_C1.2\Debug\main.obj
Impossibile trovare C:\Users\Filippo\OneDrive\Dropbox\Lavori\Didattica\ARM Exercise\TECNOLOGIA_WS\TM4C123G_C__01_LedBlink_C1.2\Debug\LIBS\Led.obj
'Finished clean'
' '

**** Build Finished ****

**** Build of configuration Debug for project TM4C123G_C__01_LedBlink_C1.2 ****

"C:\\ti\\ccsv6\\utils\\bin\\gmake" -k all 
'Building file: ../main.c'
'Invoking: ARM Compiler'
"C:/ti/ccsv6/tools/compiler/ti-cgt-arm_5.2.6/bin/armcl" -mv7M4 --code_state=16 --float_support=FPv4SPD16 --abi=eabi -me --include_path="C:/ti/ccsv6/tools/compiler/ti-cgt-arm_5.2.6/include" --include_path="C:/ti/TivaWare_C_Series-2.1.1.71" -g --gcc --define=ccs="ccs" --define=PART_TM4C1231H6PM --diag_warning=225 --display_error_number --diag_wrap=off --preproc_with_compile --preproc_dependency="main.pp"  "../main.c"
'Finished building: ../main.c'
' '
'Building file: ../tm4c1231h6pm_startup_ccs.c'
'Invoking: ARM Compiler'
"C:/ti/ccsv6/tools/compiler/ti-cgt-arm_5.2.6/bin/armcl" -mv7M4 --code_state=16 --float_support=FPv4SPD16 --abi=eabi -me --include_path="C:/ti/ccsv6/tools/compiler/ti-cgt-arm_5.2.6/include" --include_path="C:/ti/TivaWare_C_Series-2.1.1.71" -g --gcc --define=ccs="ccs" --define=PART_TM4C1231H6PM --diag_warning=225 --display_error_number --diag_wrap=off --preproc_with_compile --preproc_dependency="tm4c1231h6pm_startup_ccs.pp"  "../tm4c1231h6pm_startup_ccs.c"
'Finished building: ../tm4c1231h6pm_startup_ccs.c'
' '
'Building file: ../LIBS/Led.c'
'Invoking: ARM Compiler'
"C:/ti/ccsv6/tools/compiler/ti-cgt-arm_5.2.6/bin/armcl" -mv7M4 --code_state=16 --float_support=FPv4SPD16 --abi=eabi -me --include_path="C:/ti/ccsv6/tools/compiler/ti-cgt-arm_5.2.6/include" --include_path="C:/ti/TivaWare_C_Series-2.1.1.71" -g --gcc --define=ccs="ccs" --define=PART_TM4C1231H6PM --diag_warning=225 --display_error_number --diag_wrap=off --preproc_with_compile --preproc_dependency="LIBS/Led.pp" --obj_directory="LIBS"  "../LIBS/Led.c"
'Finished building: ../LIBS/Led.c'
' '
'Building file: ../LIBS/SysTick.c'
'Invoking: ARM Compiler'
"C:/ti/ccsv6/tools/compiler/ti-cgt-arm_5.2.6/bin/armcl" -mv7M4 --code_state=16 --float_support=FPv4SPD16 --abi=eabi -me --include_path="C:/ti/ccsv6/tools/compiler/ti-cgt-arm_5.2.6/include" --include_path="C:/ti/TivaWare_C_Series-2.1.1.71" -g --gcc --define=ccs="ccs" --define=PART_TM4C1231H6PM --diag_warning=225 --display_error_number --diag_wrap=off --preproc_with_compile --preproc_dependency="LIBS/SysTick.pp" --obj_directory="LIBS"  "../LIBS/SysTick.c"
'Finished building: ../LIBS/SysTick.c'
' '
'Building file: ../LIBS/Uart.c'
'Invoking: ARM Compiler'
"C:/ti/ccsv6/tools/compiler/ti-cgt-arm_5.2.6/bin/armcl" -mv7M4 --code_state=16 --float_support=FPv4SPD16 --abi=eabi -me --include_path="C:/ti/ccsv6/tools/compiler/ti-cgt-arm_5.2.6/include" --include_path="C:/ti/TivaWare_C_Series-2.1.1.71" -g --gcc --define=ccs="ccs" --define=PART_TM4C1231H6PM --diag_warning=225 --display_error_number --diag_wrap=off --preproc_with_compile --preproc_dependency="LIBS/Uart.pp" --obj_directory="LIBS"  "../LIBS/Uart.c"
'Finished building: ../LIBS/Uart.c'
' '
'Building target: TM4C123G_C__01_LedBlink_C1.2.out'
'Invoking: ARM Linker'
"C:/ti/ccsv6/tools/compiler/ti-cgt-arm_5.2.6/bin/armcl" -mv7M4 --code_state=16 --float_support=FPv4SPD16 --abi=eabi -me -g --gcc --define=ccs="ccs" --define=PART_TM4C1231H6PM --diag_warning=225 --display_error_number --diag_wrap=off -z -m"TM4C123G_C__01_LedBlink_C1.2.map" --heap_size=0 --stack_size=512 -i"C:/ti/ccsv6/tools/compiler/ti-cgt-arm_5.2.6/lib" -i"C:/ti/ccsv6/tools/compiler/ti-cgt-arm_5.2.6/include" --reread_libs --warn_sections --diag_wrap=off --display_error_number --xml_link_info="TM4C123G_C__01_LedBlink_C1.2_linkInfo.xml" --rom_model -o "TM4C123G_C__01_LedBlink_C1.2.out" "./main.obj" "./tm4c1231h6pm_startup_ccs.obj" "./LIBS/Led.obj" "./LIBS/SysTick.obj" "./LIBS/Uart.obj" "../tm4c1231h6pm.cmd"  -l"libc.a" -l"C:\ti\TivaWare_C_Series-2.1.1.71\driverlib\ccs\Debug\driverlib.lib" 
<Linking>
'Finished building target: TM4C123G_C__01_LedBlink_C1.2.out'
' '

**** Build Finished ****

**** Build of configuration Debug for project TM4C123G_C__01_LedBlink_C1.2 ****

"C:\\ti\\ccsv6\\utils\\bin\\gmake" -k all 
gmake: Nothing to be done for `all'.

**** Build Finished ****
