
**** Build of configuration Debug for project Primo ****

"C:\\ti\\ccsv6\\utils\\bin\\gmake" -k all 
'Building file: ../primo.s'
'Invoking: ARM Compiler'
"C:/ti/ccsv6/tools/compiler/ti-cgt-arm_5.2.6/bin/armcl" -mv7M4 --abi=eabi --include_path="C:/ti/ccsv6/tools/compiler/ti-cgt-arm_5.2.6/include" -g --diag_wrap=off --diag_warning=225 --display_error_number --preproc_with_compile --preproc_dependency="primo.pp"  "../primo.s"
'Finished building: ../primo.s'
' '
'Building target: Primo.out'
'Invoking: ARM Linker'
"C:/ti/ccsv6/tools/compiler/ti-cgt-arm_5.2.6/bin/armcl" -mv7M4 --abi=eabi -g --diag_wrap=off --diag_warning=225 --display_error_number -z -m"Primo.map" -i"C:/ti/ccsv6/tools/compiler/ti-cgt-arm_5.2.6/lib" -i"C:/ti/ccsv6/tools/compiler/ti-cgt-arm_5.2.6/include" --reread_libs --display_error_number --diag_wrap=off --warn_sections --xml_link_info="Primo_linkInfo.xml" --rom_model --be32 -o "Primo.out" "./primo.obj"  -l"libc.a" 
<Linking>
warning #10204-D: automatic RTS selection:  could not resolve index library "libc.a" to a compatible library
error #10198-D: no input section is linked in
warning #10062-D: entry-point symbol "_c_int00" undefined
warning #10202-D: no suitable entry-point found; setting to 0
error #10010: errors encountered during linking; "Primo.out" not built

>> Compilation failure
gmake: *** [Primo.out] Error 1
gmake: Target `all' not remade because of errors.

**** Build Finished ****
