
**** Build of configuration Debug for project project ****

"C:\\ti\\ccsv6\\utils\\bin\\gmake" -k all 
'Building file: ../project.c'
'Invoking: ARM Compiler'
"C:/ti/ccsv6/tools/compiler/ti-cgt-arm_5.2.6/bin/armcl" -mv7M4 --code_state=16 --float_support=FPv4SPD16 --abi=eabi -me -O2 --include_path="C:/ti/ccsv6/tools/compiler/ti-cgt-arm_5.2.6/include" --include_path="C:/ti/TivaWare_C_Series-2.1.1.71" -g --gcc --define="ccs" --define=PART_LM4F232H5BB --define=ccs="ccs" --define=TARGET_IS_TM4C123_RA3 --display_error_number --diag_warning=225 --diag_wrap=off --gen_func_subsections=on --ual --preproc_with_compile --preproc_dependency="project.pp"  "../project.c"
'Finished building: ../project.c'
' '
'Building file: ../startup_ccs.c'
'Invoking: ARM Compiler'
"C:/ti/ccsv6/tools/compiler/ti-cgt-arm_5.2.6/bin/armcl" -mv7M4 --code_state=16 --float_support=FPv4SPD16 --abi=eabi -me -O2 --include_path="C:/ti/ccsv6/tools/compiler/ti-cgt-arm_5.2.6/include" --include_path="C:/ti/TivaWare_C_Series-2.1.1.71" -g --gcc --define="ccs" --define=PART_LM4F232H5BB --define=ccs="ccs" --define=TARGET_IS_TM4C123_RA3 --display_error_number --diag_warning=225 --diag_wrap=off --gen_func_subsections=on --ual --preproc_with_compile --preproc_dependency="startup_ccs.pp"  "../startup_ccs.c"
'Finished building: ../startup_ccs.c'
' '
'Building target: project.out'
'Invoking: ARM Linker'
"C:/ti/ccsv6/tools/compiler/ti-cgt-arm_5.2.6/bin/armcl" -mv7M4 --code_state=16 --float_support=FPv4SPD16 --abi=eabi -me -O2 -g --gcc --define="ccs" --define=PART_LM4F232H5BB --define=ccs="ccs" --define=TARGET_IS_TM4C123_RA3 --display_error_number --diag_warning=225 --diag_wrap=off --gen_func_subsections=on --ual -z -m"project_ccs.map" --heap_size=0 --stack_size=256 -i"C:/ti/ccsv6/tools/compiler/ti-cgt-arm_5.2.6/lib" -i"C:/ti/ccsv6/tools/compiler/ti-cgt-arm_5.2.6/include" --reread_libs --warn_sections --display_error_number --diag_wrap=off --xml_link_info="project_linkInfo.xml" --rom_model -o "project.out" "./project.obj" "./startup_ccs.obj" "../project_ccs.cmd"  -l"libc.a" -l"C:/ti/TivaWare_C_Series-2.1.1.71/examples/project/ccs/../../../driverlib/ccs/Debug/driverlib.lib" 
<Linking>
'Finished building target: project.out'
' '
"C:/ti/ccsv6/utils/tiobj2bin/tiobj2bin" "project.out" "project.bin" "C:/ti/ccsv6/tools/compiler/ti-cgt-arm_5.2.6/bin/armofd" "C:/ti/ccsv6/tools/compiler/ti-cgt-arm_5.2.6/bin/armhex" "C:/ti/ccsv6/utils/tiobj2bin/mkhex4bin"
' '

**** Build Finished ****
