
**** Build of configuration Debug for project TM4C123GH6PM_ASM__AddCompl ****

"C:\\ti\\ccsv6\\utils\\bin\\gmake" -k all 
'Building file: ../main.s'
'Invoking: ARM Compiler'
"C:/ti/ccsv6/tools/compiler/ti-cgt-arm_5.2.6/bin/armcl" -mv7M4 --code_state=16 --float_support=FPv4SPD16 --abi=eabi -me --include_path="C:/ti/ccsv6/tools/compiler/ti-cgt-arm_5.2.6/include" -g --gcc --define=ccs="ccs" --define=PART_TM4C1231H6PM --diag_wrap=off --diag_warning=225 --display_error_number --preproc_with_compile --preproc_dependency="main.pp"  "../main.s"
'Finished building: ../main.s'
' '
'Building file: ../tm4c1231h6pm_startup_ccs.c'
'Invoking: ARM Compiler'
"C:/ti/ccsv6/tools/compiler/ti-cgt-arm_5.2.6/bin/armcl" -mv7M4 --code_state=16 --float_support=FPv4SPD16 --abi=eabi -me --include_path="C:/ti/ccsv6/tools/compiler/ti-cgt-arm_5.2.6/include" -g --gcc --define=ccs="ccs" --define=PART_TM4C1231H6PM --diag_wrap=off --diag_warning=225 --display_error_number --preproc_with_compile --preproc_dependency="tm4c1231h6pm_startup_ccs.pp"  "../tm4c1231h6pm_startup_ccs.c"
'Finished building: ../tm4c1231h6pm_startup_ccs.c'
' '
'Building target: TM4C123GH6PM_ASM__AddCompl.out'
'Invoking: ARM Linker'
"C:/ti/ccsv6/tools/compiler/ti-cgt-arm_5.2.6/bin/armcl" -mv7M4 --code_state=16 --float_support=FPv4SPD16 --abi=eabi -me -g --gcc --define=ccs="ccs" --define=PART_TM4C1231H6PM --diag_wrap=off --diag_warning=225 --display_error_number -z -m"TM4C123GH6PM_ASM__AddCompl.map" --heap_size=0 --stack_size=512 -i"C:/ti/ccsv6/tools/compiler/ti-cgt-arm_5.2.6/lib" -i"C:/ti/ccsv6/tools/compiler/ti-cgt-arm_5.2.6/include" --reread_libs --display_error_number --diag_wrap=off --warn_sections --xml_link_info="TM4C123GH6PM_ASM__AddCompl_linkInfo.xml" --rom_model -o "TM4C123GH6PM_ASM__AddCompl.out" "./main.obj" "./tm4c1231h6pm_startup_ccs.obj" "../tm4c1231h6pm.cmd"  -l"libc.a" 
<Linking>
error #10056: symbol "__stack" redefined: first defined in "./main.obj"; redefined in "C:\ti\ccsv6\tools\compiler\ti-cgt-arm_5.2.6\lib\rtsv7M4_T_le_v4SPD16_eabi.lib<boot.obj>"
error #10010: errors encountered during linking; "TM4C123GH6PM_ASM__AddCompl.out" not built

>> Compilation failure
gmake: *** [TM4C123GH6PM_ASM__AddCompl.out] Error 1
gmake: Target `all' not remade because of errors.

**** Build Finished ****
