
**** Build of configuration Debug for project TM4C123G_C__01_LedBlink_C1.1 ****

"C:\\ti\\ccsv6\\utils\\bin\\gmake" -k all 
'Building file: ../main.c'
'Invoking: ARM Compiler'
"C:/ti/ccsv6/tools/compiler/ti-cgt-arm_5.2.6/bin/armcl" -mv7M4 --code_state=16 --float_support=FPv4SPD16 --abi=eabi -me -O2 --include_path="C:/ti/ccsv6/tools/compiler/ti-cgt-arm_5.2.6/include" --include_path="C:/Users/Filippo/OneDrive/Dropbox/Lavori/Didattica/ARM Exercise/ARM_PROJECTS_CCS_WS/TM4C123G_LIBS/" -g --gcc --define="ccs" --define=ccs="ccs" --define=TARGET_IS_TM4C123_RA3 --define=PART_TM4C123GH6PM --diag_warning=225 --display_error_number --diag_wrap=off --gen_func_subsections=on --ual --preproc_with_compile --preproc_dependency="main.pp"  "../main.c"
'Finished building: ../main.c'
' '
'Building file: ../tm4c123gh6pm_startup_ccs.c'
'Invoking: ARM Compiler'
"C:/ti/ccsv6/tools/compiler/ti-cgt-arm_5.2.6/bin/armcl" -mv7M4 --code_state=16 --float_support=FPv4SPD16 --abi=eabi -me -O2 --include_path="C:/ti/ccsv6/tools/compiler/ti-cgt-arm_5.2.6/include" --include_path="C:/Users/Filippo/OneDrive/Dropbox/Lavori/Didattica/ARM Exercise/ARM_PROJECTS_CCS_WS/TM4C123G_LIBS/" -g --gcc --define="ccs" --define=ccs="ccs" --define=TARGET_IS_TM4C123_RA3 --define=PART_TM4C123GH6PM --diag_warning=225 --display_error_number --diag_wrap=off --gen_func_subsections=on --ual --preproc_with_compile --preproc_dependency="tm4c123gh6pm_startup_ccs.pp"  "../tm4c123gh6pm_startup_ccs.c"
'Finished building: ../tm4c123gh6pm_startup_ccs.c'
' '
'Building file: ../LIBS/Led_driver.c'
'Invoking: ARM Compiler'
"C:/ti/ccsv6/tools/compiler/ti-cgt-arm_5.2.6/bin/armcl" -mv7M4 --code_state=16 --float_support=FPv4SPD16 --abi=eabi -me -O2 --include_path="C:/ti/ccsv6/tools/compiler/ti-cgt-arm_5.2.6/include" --include_path="C:/Users/Filippo/OneDrive/Dropbox/Lavori/Didattica/ARM Exercise/ARM_PROJECTS_CCS_WS/TM4C123G_LIBS/" -g --gcc --define="ccs" --define=ccs="ccs" --define=TARGET_IS_TM4C123_RA3 --define=PART_TM4C123GH6PM --diag_warning=225 --display_error_number --diag_wrap=off --gen_func_subsections=on --ual --preproc_with_compile --preproc_dependency="LIBS/Led_driver.pp" --obj_directory="LIBS"  "../LIBS/Led_driver.c"
'Finished building: ../LIBS/Led_driver.c'
' '
'Building file: ../LIBS/SysTick.c'
'Invoking: ARM Compiler'
"C:/ti/ccsv6/tools/compiler/ti-cgt-arm_5.2.6/bin/armcl" -mv7M4 --code_state=16 --float_support=FPv4SPD16 --abi=eabi -me -O2 --include_path="C:/ti/ccsv6/tools/compiler/ti-cgt-arm_5.2.6/include" --include_path="C:/Users/Filippo/OneDrive/Dropbox/Lavori/Didattica/ARM Exercise/ARM_PROJECTS_CCS_WS/TM4C123G_LIBS/" -g --gcc --define="ccs" --define=ccs="ccs" --define=TARGET_IS_TM4C123_RA3 --define=PART_TM4C123GH6PM --diag_warning=225 --display_error_number --diag_wrap=off --gen_func_subsections=on --ual --preproc_with_compile --preproc_dependency="LIBS/SysTick.pp" --obj_directory="LIBS"  "../LIBS/SysTick.c"
warning: "../LIBS/SysTick.c", line 15: Assembly statement "NOP" creates a label, which may not be what was intended. Use a colon after a label or a space before a non-label to silence the warning.
warning: "../LIBS/SysTick.c", line 15: Assembly statement "NOP" creates a label, which may not be what was intended. Use a colon after a label or a space before a non-label to silence the warning.
'Finished building: ../LIBS/SysTick.c'
' '
'Building target: TM4C123G_C__01_LedBlink_C1.1.out'
'Invoking: ARM Linker'
"C:/ti/ccsv6/tools/compiler/ti-cgt-arm_5.2.6/bin/armcl" -mv7M4 --code_state=16 --float_support=FPv4SPD16 --abi=eabi -me -O2 -g --gcc --define="ccs" --define=ccs="ccs" --define=TARGET_IS_TM4C123_RA3 --define=PART_TM4C123GH6PM --diag_warning=225 --display_error_number --diag_wrap=off --gen_func_subsections=on --ual -z -m"project_ccs.map" --heap_size=0 --stack_size=256 -i"C:/ti/ccsv6/tools/compiler/ti-cgt-arm_5.2.6/lib" -i"C:/ti/ccsv6/tools/compiler/ti-cgt-arm_5.2.6/include" --reread_libs --warn_sections --diag_wrap=off --display_error_number --xml_link_info="TM4C123G_C__01_LedBlink_C1.1_linkInfo.xml" --rom_model -o "TM4C123G_C__01_LedBlink_C1.1.out" "./main.obj" "./tm4c123gh6pm_startup_ccs.obj" "./LIBS/Led_driver.obj" "./LIBS/SysTick.obj" "../tm4c123gh6pm.cmd"  -l"libc.a" -l"C:/Users/Filippo/OneDrive/Dropbox/Lavori/Didattica/ARM Exercise/ARM_PROJECTS_CCS_WS/TM4C123G_C__01_LedBlink_C1.1/../TM4C123G_LIBS/driverlib.lib" 
<Linking>
'Finished building target: TM4C123G_C__01_LedBlink_C1.1.out'
' '

**** Build Finished ****
