
**** Build of configuration Debug for project TM4C123GH6PM_C__03_LedBlink ****

"C:\\ti\\ccsv6\\utils\\bin\\gmake" -k all 
'Building file: ../LIBS/SysTick.c'
'Invoking: ARM Compiler'
"C:/ti/ccsv6/tools/compiler/ti-cgt-arm_5.2.6/bin/armcl" -mv7M4 --code_state=16 --float_support=FPv4SPD16 --abi=eabi -me --include_path="C:/ti/ccsv6/tools/compiler/ti-cgt-arm_5.2.6/include" -g --gcc --define=ccs="ccs" --define=PART_TM4C1231H6PM --diag_warning=225 --display_error_number --diag_wrap=off --preproc_with_compile --preproc_dependency="LIBS/SysTick.pp" --obj_directory="LIBS"  "../LIBS/SysTick.c"
"../LIBS/SysTick.c", line 33: warning #225-D: function "StartCritical" declared implicitly
"../LIBS/SysTick.c", line 32: warning #552-D: variable "sr" was set but never used
'Finished building: ../LIBS/SysTick.c'
' '
'Building target: TM4C123GH6PM_C__03_LedBlink.out'
'Invoking: ARM Linker'
"C:/ti/ccsv6/tools/compiler/ti-cgt-arm_5.2.6/bin/armcl" -mv7M4 --code_state=16 --float_support=FPv4SPD16 --abi=eabi -me -g --gcc --define=ccs="ccs" --define=PART_TM4C1231H6PM --diag_warning=225 --display_error_number --diag_wrap=off -z -m"TM4C123GH6PM_C__03_LedBlink.map" --heap_size=0 --stack_size=512 -i"C:/ti/ccsv6/tools/compiler/ti-cgt-arm_5.2.6/lib" -i"C:/ti/ccsv6/tools/compiler/ti-cgt-arm_5.2.6/include" --reread_libs --warn_sections --diag_wrap=off --display_error_number --xml_link_info="TM4C123GH6PM_C__03_LedBlink_linkInfo.xml" --rom_model -o "TM4C123GH6PM_C__03_LedBlink.out" "./main.obj" "./tm4c1231h6pm_startup_ccs.obj" "./LIBS/Led.obj" "./LIBS/SysTick.obj" "./DRIVERS/PLL.obj" "../tm4c1231h6pm.cmd"  -l"libc.a" 
<Linking>

 undefined     first referenced  
  symbol           in file       
 ---------     ----------------  
 StartCritical ./LIBS/SysTick.obj

error #10234-D: unresolved symbols remain
error #10010: errors encountered during linking; "TM4C123GH6PM_C__03_LedBlink.out" not built

>> Compilation failure
gmake: *** [TM4C123GH6PM_C__03_LedBlink.out] Error 1
gmake: Target `all' not remade because of errors.

**** Build Finished ****
